<?xml version="1.0" encoding="UTF-8"?>
<!-- Generated by org.testng.reporters.JUnitReportReporter -->
<testsuite name="com.HomePage.TC001_VerifyLoginWith_Invalid_Credentials" tests="1" time="3.985" ignored="0" failures="0" timestamp="05 Jan 2018 21:42:51 GMT" skipped="0" hostname="Ravinders-MacBook-Pro.local" errors="0">
  <testcase name="verifyLoginWithInvalidCredentials" time="3.985" classname="com.HomePage.TC001_VerifyLoginWith_Invalid_Credentials"/>
</testsuite> <!-- com.HomePage.TC001_VerifyLoginWith_Invalid_Credentials -->
